<?xml version="1.0" encoding="UTF-8"?>
<!-- Generated by org.testng.reporters.JUnitXMLReporter -->
<testsuite ignored="0" hostname="Karthick" failures="3" tests="11" name="Default test" time="449.193" errors="0" timestamp="2023-12-14T11:37:31 IST">
  <testcase classname="io.cucumber.testng.AbstractTestNGCucumberTests" name="runScenario" time="149.847"/>
  <testcase classname="io.cucumber.testng.AbstractTestNGCucumberTests" name="runScenario" time="21.015">
    <failure type="java.lang.AssertionError" message="The following asserts failed:
	Signout is not present">
      <![CDATA[java.lang.AssertionError: The following asserts failed:
Signout is not present
at org.testng.asserts.SoftAssert.assertAll(SoftAssert.java:47)
at org.testng.asserts.SoftAssert.assertAll(SoftAssert.java:31)
at com.ecommerce.qa.steps.SignUpSteps.user_try_to_click_on_create_account(SignUpSteps.java:112)
at ✽.User try to click on create account(file:///C:/Users/karth/eclipse-workspace/RLLFinal6/src/test/java/com/ecommerce/qa/features/A_SignUp.feature:19)
]]>
    </failure>
  </testcase> <!-- runScenario -->
  <testcase classname="io.cucumber.testng.AbstractTestNGCucumberTests" name="runScenario" time="19.175">
    <failure type="java.lang.AssertionError" message="The following asserts failed:
	Signout is not present">
      <![CDATA[java.lang.AssertionError: The following asserts failed:
Signout is not present
at org.testng.asserts.SoftAssert.assertAll(SoftAssert.java:47)
at org.testng.asserts.SoftAssert.assertAll(SoftAssert.java:31)
at com.ecommerce.qa.steps.SignUpSteps.user_try_to_click_on_create_account(SignUpSteps.java:112)
at ✽.User try to click on create account(file:///C:/Users/karth/eclipse-workspace/RLLFinal6/src/test/java/com/ecommerce/qa/features/A_SignUp.feature:19)
]]>
    </failure>
  </testcase> <!-- runScenario -->
  <testcase classname="io.cucumber.testng.AbstractTestNGCucumberTests" name="runScenario" time="63.558"/>
  <testcase classname="io.cucumber.testng.AbstractTestNGCucumberTests" name="runScenario" time="82.277"/>
  <testcase classname="io.cucumber.testng.AbstractTestNGCucumberTests" name="runScenario" time="41.251"/>
  <testcase classname="io.cucumber.testng.AbstractTestNGCucumberTests" name="runScenario" time="16.442"/>
  <testcase classname="io.cucumber.testng.AbstractTestNGCucumberTests" name="runScenario" time="12.802"/>
  <testcase classname="io.cucumber.testng.AbstractTestNGCucumberTests" name="runScenario" time="11.303"/>
  <testcase classname="io.cucumber.testng.AbstractTestNGCucumberTests" name="runScenario" time="13.84">
    <failure type="java.lang.AssertionError" message="Timeout waiting for confirmation message to be visible">
      <![CDATA[java.lang.AssertionError: Timeout waiting for confirmation message to be visible
at org.testng.Assert.fail(Assert.java:99)
at com.ecommerce.qa.pages.ContactUsPage.isConfirmationMessageDisplayed(ContactUsPage.java:63)
at com.ecommerce.qa.steps.ContactUsTest.userShouldSeeConfirmationMessage(ContactUsTest.java:118)
at ✽.User should see a confirmation message(file:///C:/Users/karth/eclipse-workspace/RLLFinal6/src/test/java/com/ecommerce/qa/features/E_contact.feature:8)
]]>
    </failure>
  </testcase> <!-- runScenario -->
  <testcase classname="io.cucumber.testng.AbstractTestNGCucumberTests" name="runScenario" time="12.261"/>
</testsuite> <!-- Default test -->
