<?xml version="1.0" encoding="UTF-8"?>
<testng-results ignored="0" total="11" passed="8" failed="3" skipped="0">
  <reporter-output>
  </reporter-output>
  <suite started-at="2023-12-14T11:30:02 IST" name="Default suite" finished-at="2023-12-14T11:37:31 IST" duration-ms="449193">
    <groups>
      <group name="cucumber">
        <method signature="AbstractTestNGCucumberTests.runScenario(io.cucumber.testng.PickleWrapper,io.cucumber.testng.FeatureWrapper)[pri:0, instance:com.ecommerce.qa.runners.TestNGRunner@2cb4893b]" name="runScenario" class="io.cucumber.testng.AbstractTestNGCucumberTests"/>
      </group> <!-- cucumber -->
    </groups>
    <test started-at="2023-12-14T11:30:02 IST" name="Default test" finished-at="2023-12-14T11:37:31 IST" duration-ms="449193">
      <class name="com.ecommerce.qa.runners.TestNGRunner">
        <test-method is-config="true" signature="setUpClass(org.testng.ITestContext)[pri:0, instance:com.ecommerce.qa.runners.TestNGRunner@2cb4893b]" started-at="2023-12-14T11:30:02 IST" name="setUpClass" finished-at="2023-12-14T11:30:03 IST" duration-ms="1045" status="PASS">
          <params>
            <param index="0">
              <value>
                <![CDATA[org.testng.TestRunner@135f160e]]>
              </value>
            </param>
          </params>
          <reporter-output>
          </reporter-output>
        </test-method> <!-- setUpClass -->
        <test-method signature="runScenario(io.cucumber.testng.PickleWrapper,io.cucumber.testng.FeatureWrapper)[pri:0, instance:com.ecommerce.qa.runners.TestNGRunner@2cb4893b]" started-at="2023-12-14T11:30:03 IST" name="runScenario" description="Runs Cucumber Scenarios" data-provider="scenarios" finished-at="2023-12-14T11:32:33 IST" duration-ms="149847" status="PASS">
          <params>
            <param index="0">
              <value>
                <![CDATA["To test the SignUp functionality with valid data"]]>
              </value>
            </param>
            <param index="1">
              <value>
                <![CDATA["Signup functionality"]]>
              </value>
            </param>
          </params>
          <reporter-output>
          </reporter-output>
        </test-method> <!-- runScenario -->
        <test-method signature="runScenario(io.cucumber.testng.PickleWrapper,io.cucumber.testng.FeatureWrapper)[pri:0, instance:com.ecommerce.qa.runners.TestNGRunner@2cb4893b]" started-at="2023-12-14T11:32:33 IST" name="runScenario" description="Runs Cucumber Scenarios" data-provider="scenarios" finished-at="2023-12-14T11:32:54 IST" duration-ms="21015" status="FAIL">
          <params>
            <param index="0">
              <value>
                <![CDATA["To test the SignUp functionality with Invalid data"]]>
              </value>
            </param>
            <param index="1">
              <value>
                <![CDATA["Signup functionality"]]>
              </value>
            </param>
          </params>
          <exception class="java.lang.AssertionError">
            <message>
              <![CDATA[The following asserts failed:
Signout is not present]]>
            </message>
            <full-stacktrace>
              <![CDATA[java.lang.AssertionError: The following asserts failed:
Signout is not present
at org.testng.asserts.SoftAssert.assertAll(SoftAssert.java:47)
at org.testng.asserts.SoftAssert.assertAll(SoftAssert.java:31)
at com.ecommerce.qa.steps.SignUpSteps.user_try_to_click_on_create_account(SignUpSteps.java:112)
at ✽.User try to click on create account(file:///C:/Users/karth/eclipse-workspace/RLLFinal6/src/test/java/com/ecommerce/qa/features/A_SignUp.feature:19)
]]>
            </full-stacktrace>
          </exception> <!-- java.lang.AssertionError -->
          <reporter-output>
          </reporter-output>
        </test-method> <!-- runScenario -->
        <test-method signature="runScenario(io.cucumber.testng.PickleWrapper,io.cucumber.testng.FeatureWrapper)[pri:0, instance:com.ecommerce.qa.runners.TestNGRunner@2cb4893b]" started-at="2023-12-14T11:32:54 IST" name="runScenario" description="Runs Cucumber Scenarios" data-provider="scenarios" finished-at="2023-12-14T11:33:13 IST" duration-ms="19175" status="FAIL">
          <params>
            <param index="0">
              <value>
                <![CDATA["To test the SignUp functionality with Invalid data"]]>
              </value>
            </param>
            <param index="1">
              <value>
                <![CDATA["Signup functionality"]]>
              </value>
            </param>
          </params>
          <exception class="java.lang.AssertionError">
            <message>
              <![CDATA[The following asserts failed:
Signout is not present]]>
            </message>
            <full-stacktrace>
              <![CDATA[java.lang.AssertionError: The following asserts failed:
Signout is not present
at org.testng.asserts.SoftAssert.assertAll(SoftAssert.java:47)
at org.testng.asserts.SoftAssert.assertAll(SoftAssert.java:31)
at com.ecommerce.qa.steps.SignUpSteps.user_try_to_click_on_create_account(SignUpSteps.java:112)
at ✽.User try to click on create account(file:///C:/Users/karth/eclipse-workspace/RLLFinal6/src/test/java/com/ecommerce/qa/features/A_SignUp.feature:19)
]]>
            </full-stacktrace>
          </exception> <!-- java.lang.AssertionError -->
          <reporter-output>
          </reporter-output>
        </test-method> <!-- runScenario -->
        <test-method signature="runScenario(io.cucumber.testng.PickleWrapper,io.cucumber.testng.FeatureWrapper)[pri:0, instance:com.ecommerce.qa.runners.TestNGRunner@2cb4893b]" started-at="2023-12-14T11:33:13 IST" name="runScenario" description="Runs Cucumber Scenarios" data-provider="scenarios" finished-at="2023-12-14T11:34:16 IST" duration-ms="63558" status="PASS">
          <params>
            <param index="0">
              <value>
                <![CDATA["Passed Sign In functionality"]]>
              </value>
            </param>
            <param index="1">
              <value>
                <![CDATA["Sign In functionality"]]>
              </value>
            </param>
          </params>
          <reporter-output>
          </reporter-output>
        </test-method> <!-- runScenario -->
        <test-method signature="runScenario(io.cucumber.testng.PickleWrapper,io.cucumber.testng.FeatureWrapper)[pri:0, instance:com.ecommerce.qa.runners.TestNGRunner@2cb4893b]" started-at="2023-12-14T11:34:16 IST" name="runScenario" description="Runs Cucumber Scenarios" data-provider="scenarios" finished-at="2023-12-14T11:35:39 IST" duration-ms="82277" status="PASS">
          <params>
            <param index="0">
              <value>
                <![CDATA["Failed Sign In functionality"]]>
              </value>
            </param>
            <param index="1">
              <value>
                <![CDATA["Sign In functionality"]]>
              </value>
            </param>
          </params>
          <reporter-output>
          </reporter-output>
        </test-method> <!-- runScenario -->
        <test-method signature="runScenario(io.cucumber.testng.PickleWrapper,io.cucumber.testng.FeatureWrapper)[pri:0, instance:com.ecommerce.qa.runners.TestNGRunner@2cb4893b]" started-at="2023-12-14T11:35:39 IST" name="runScenario" description="Runs Cucumber Scenarios" data-provider="scenarios" finished-at="2023-12-14T11:36:20 IST" duration-ms="41251" status="PASS">
          <params>
            <param index="0">
              <value>
                <![CDATA["E-shop search page Positive testcase"]]>
              </value>
            </param>
            <param index="1">
              <value>
                <![CDATA["Search,Filter & Add To Cart Functionality"]]>
              </value>
            </param>
          </params>
          <reporter-output>
          </reporter-output>
        </test-method> <!-- runScenario -->
        <test-method signature="runScenario(io.cucumber.testng.PickleWrapper,io.cucumber.testng.FeatureWrapper)[pri:0, instance:com.ecommerce.qa.runners.TestNGRunner@2cb4893b]" started-at="2023-12-14T11:36:20 IST" name="runScenario" description="Runs Cucumber Scenarios" data-provider="scenarios" finished-at="2023-12-14T11:36:36 IST" duration-ms="16442" status="PASS">
          <params>
            <param index="0">
              <value>
                <![CDATA["E-shop search page Negative testcase"]]>
              </value>
            </param>
            <param index="1">
              <value>
                <![CDATA["Search,Filter & Add To Cart Functionality"]]>
              </value>
            </param>
          </params>
          <reporter-output>
          </reporter-output>
        </test-method> <!-- runScenario -->
        <test-method signature="runScenario(io.cucumber.testng.PickleWrapper,io.cucumber.testng.FeatureWrapper)[pri:0, instance:com.ecommerce.qa.runners.TestNGRunner@2cb4893b]" started-at="2023-12-14T11:36:36 IST" name="runScenario" description="Runs Cucumber Scenarios" data-provider="scenarios" finished-at="2023-12-14T11:36:49 IST" duration-ms="12802" status="PASS">
          <params>
            <param index="0">
              <value>
                <![CDATA["User subscribe with valid email"]]>
              </value>
            </param>
            <param index="1">
              <value>
                <![CDATA["Subscribe to Email"]]>
              </value>
            </param>
          </params>
          <reporter-output>
          </reporter-output>
        </test-method> <!-- runScenario -->
        <test-method signature="runScenario(io.cucumber.testng.PickleWrapper,io.cucumber.testng.FeatureWrapper)[pri:0, instance:com.ecommerce.qa.runners.TestNGRunner@2cb4893b]" started-at="2023-12-14T11:36:49 IST" name="runScenario" description="Runs Cucumber Scenarios" data-provider="scenarios" finished-at="2023-12-14T11:37:00 IST" duration-ms="11303" status="PASS">
          <params>
            <param index="0">
              <value>
                <![CDATA["user subscribe with Invalid email"]]>
              </value>
            </param>
            <param index="1">
              <value>
                <![CDATA["Subscribe to Email"]]>
              </value>
            </param>
          </params>
          <reporter-output>
          </reporter-output>
        </test-method> <!-- runScenario -->
        <test-method signature="runScenario(io.cucumber.testng.PickleWrapper,io.cucumber.testng.FeatureWrapper)[pri:0, instance:com.ecommerce.qa.runners.TestNGRunner@2cb4893b]" started-at="2023-12-14T11:37:00 IST" name="runScenario" description="Runs Cucumber Scenarios" data-provider="scenarios" finished-at="2023-12-14T11:37:14 IST" duration-ms="13840" status="FAIL">
          <params>
            <param index="0">
              <value>
                <![CDATA["User submits the Contact Us Form Valid Data"]]>
              </value>
            </param>
            <param index="1">
              <value>
                <![CDATA["Contact Functionality"]]>
              </value>
            </param>
          </params>
          <exception class="java.lang.AssertionError">
            <message>
              <![CDATA[Timeout waiting for confirmation message to be visible]]>
            </message>
            <full-stacktrace>
              <![CDATA[java.lang.AssertionError: Timeout waiting for confirmation message to be visible
at org.testng.Assert.fail(Assert.java:99)
at com.ecommerce.qa.pages.ContactUsPage.isConfirmationMessageDisplayed(ContactUsPage.java:63)
at com.ecommerce.qa.steps.ContactUsTest.userShouldSeeConfirmationMessage(ContactUsTest.java:118)
at ✽.User should see a confirmation message(file:///C:/Users/karth/eclipse-workspace/RLLFinal6/src/test/java/com/ecommerce/qa/features/E_contact.feature:8)
]]>
            </full-stacktrace>
          </exception> <!-- java.lang.AssertionError -->
          <reporter-output>
          </reporter-output>
        </test-method> <!-- runScenario -->
        <test-method signature="runScenario(io.cucumber.testng.PickleWrapper,io.cucumber.testng.FeatureWrapper)[pri:0, instance:com.ecommerce.qa.runners.TestNGRunner@2cb4893b]" started-at="2023-12-14T11:37:14 IST" name="runScenario" description="Runs Cucumber Scenarios" data-provider="scenarios" finished-at="2023-12-14T11:37:27 IST" duration-ms="12261" status="PASS">
          <params>
            <param index="0">
              <value>
                <![CDATA["User submits the Contact Us Form InValid Data"]]>
              </value>
            </param>
            <param index="1">
              <value>
                <![CDATA["Contact Functionality"]]>
              </value>
            </param>
          </params>
          <reporter-output>
          </reporter-output>
        </test-method> <!-- runScenario -->
        <test-method is-config="true" signature="tearDownClass()[pri:0, instance:com.ecommerce.qa.runners.TestNGRunner@2cb4893b]" started-at="2023-12-14T11:37:27 IST" name="tearDownClass" finished-at="2023-12-14T11:37:31 IST" duration-ms="4289" status="PASS">
          <reporter-output>
          </reporter-output>
        </test-method> <!-- tearDownClass -->
      </class> <!-- com.ecommerce.qa.runners.TestNGRunner -->
    </test> <!-- Default test -->
  </suite> <!-- Default suite -->
</testng-results>
