<?xml version="1.0" encoding="UTF-8"?>
<!-- Generated by org.testng.reporters.JUnitReportReporter -->
<testsuite hostname="Karthick" failures="3" tests="11" name="com.ecommerce.qa.runners.TestNGRunner" time="443.771" errors="0" timestamp="2023-12-14T11:37:31 IST" skipped="0">
  <testcase classname="com.ecommerce.qa.runners.TestNGRunner" name="runScenario" time="63.558"/>
  <system-out/>
  <testcase classname="com.ecommerce.qa.runners.TestNGRunner" name="runScenario" time="16.442"/>
  <system-out/>
  <testcase classname="com.ecommerce.qa.runners.TestNGRunner" name="runScenario" time="11.303"/>
  <system-out/>
  <testcase classname="com.ecommerce.qa.runners.TestNGRunner" name="runScenario" time="19.175">
    <failure message="The following asserts failed:
	Signout is not present" type="java.lang.AssertionError">
      <![CDATA[java.lang.AssertionError: The following asserts failed:
Signout is not present
at org.testng.asserts.SoftAssert.assertAll(SoftAssert.java:47)
at org.testng.asserts.SoftAssert.assertAll(SoftAssert.java:31)
at com.ecommerce.qa.steps.SignUpSteps.user_try_to_click_on_create_account(SignUpSteps.java:112)
at ✽.User try to click on create account(file:///C:/Users/karth/eclipse-workspace/RLLFinal6/src/test/java/com/ecommerce/qa/features/A_SignUp.feature:19)
]]>
    </failure>
  </testcase> <!-- runScenario -->
  <system-out/>
  <testcase classname="com.ecommerce.qa.runners.TestNGRunner" name="runScenario" time="149.847"/>
  <system-out/>
  <testcase classname="com.ecommerce.qa.runners.TestNGRunner" name="runScenario" time="12.261"/>
  <system-out/>
  <testcase classname="com.ecommerce.qa.runners.TestNGRunner" name="runScenario" time="12.802"/>
  <system-out/>
  <testcase classname="com.ecommerce.qa.runners.TestNGRunner" name="runScenario" time="82.277"/>
  <system-out/>
  <testcase classname="com.ecommerce.qa.runners.TestNGRunner" name="runScenario" time="21.015">
    <failure message="The following asserts failed:
	Signout is not present" type="java.lang.AssertionError">
      <![CDATA[java.lang.AssertionError: The following asserts failed:
Signout is not present
at org.testng.asserts.SoftAssert.assertAll(SoftAssert.java:47)
at org.testng.asserts.SoftAssert.assertAll(SoftAssert.java:31)
at com.ecommerce.qa.steps.SignUpSteps.user_try_to_click_on_create_account(SignUpSteps.java:112)
at ✽.User try to click on create account(file:///C:/Users/karth/eclipse-workspace/RLLFinal6/src/test/java/com/ecommerce/qa/features/A_SignUp.feature:19)
]]>
    </failure>
  </testcase> <!-- runScenario -->
  <system-out/>
  <testcase classname="com.ecommerce.qa.runners.TestNGRunner" name="runScenario" time="13.840">
    <failure message="Timeout waiting for confirmation message to be visible" type="java.lang.AssertionError">
      <![CDATA[java.lang.AssertionError: Timeout waiting for confirmation message to be visible
at org.testng.Assert.fail(Assert.java:99)
at com.ecommerce.qa.pages.ContactUsPage.isConfirmationMessageDisplayed(ContactUsPage.java:63)
at com.ecommerce.qa.steps.ContactUsTest.userShouldSeeConfirmationMessage(ContactUsTest.java:118)
at ✽.User should see a confirmation message(file:///C:/Users/karth/eclipse-workspace/RLLFinal6/src/test/java/com/ecommerce/qa/features/E_contact.feature:8)
]]>
    </failure>
  </testcase> <!-- runScenario -->
  <system-out/>
  <testcase classname="com.ecommerce.qa.runners.TestNGRunner" name="runScenario" time="41.251"/>
  <system-out/>
</testsuite> <!-- com.ecommerce.qa.runners.TestNGRunner -->
